<?xml version="1.0" encoding="UTF-8"?>
<testng-results ignored="0" total="1" passed="0" failed="1" skipped="0">
  <reporter-output>
    <line>
      <![CDATA[This is a sample screenchot]]>
    </line>
    <line>
      <![CDATA[<a href='C:\Users\corozcomartinez\Appium_Projects\TDDFramework\Screenshots\Android_Pixel_8a\2024-09-19-18-55-48\LoginTests\invalidUserName.png'> <img src='C:\Users\corozcomartinez\Appium_Projects\TDDFramework\Screenshots\Android_Pixel_8a\2024-09-19-18-55-48\LoginTests\invalidUserName.png' height='100' width='100'/> </a>]]>
    </line>
  </reporter-output>
  <suite started-at="2024-09-19T18:55:47 CST" name="Suite" finished-at="2024-09-19T18:56:45 CST" duration-ms="57571">
    <groups>
    </groups>
    <test started-at="2024-09-19T18:55:47 CST" name="androidpixel8a" finished-at="2024-09-19T18:56:45 CST" duration-ms="57571">
      <class name="com.qa.tests.LoginTests">
        <test-method is-config="true" signature="beforeSuite()[pri:0, instance:com.qa.tests.LoginTests@552518c3]" started-at="2024-09-19T18:55:33 CST" name="beforeSuite" finished-at="2024-09-19T18:55:47 CST" duration-ms="14794" status="PASS">
          <reporter-output>
          </reporter-output>
        </test-method> <!-- beforeSuite -->
        <test-method is-config="true" signature="beforeTest(java.lang.String,java.lang.String,java.lang.String,java.lang.String)[pri:0, instance:com.qa.tests.LoginTests@552518c3]" started-at="2024-09-19T18:55:47 CST" name="beforeTest" finished-at="2024-09-19T18:56:24 CST" duration-ms="36363" status="PASS">
          <params>
            <param index="0">
              <value>
                <![CDATA[true]]>
              </value>
            </param>
            <param index="1">
              <value>
                <![CDATA[emulator-5554]]>
              </value>
            </param>
            <param index="2">
              <value>
                <![CDATA[Android]]>
              </value>
            </param>
            <param index="3">
              <value>
                <![CDATA[Pixel_8a]]>
              </value>
            </param>
          </params>
          <reporter-output>
          </reporter-output>
        </test-method> <!-- beforeTest -->
        <test-method is-config="true" signature="beforeClass()[pri:0, instance:com.qa.tests.LoginTests@552518c3]" started-at="2024-09-19T18:56:24 CST" name="beforeClass" finished-at="2024-09-19T18:56:28 CST" duration-ms="3867" status="PASS">
          <reporter-output>
          </reporter-output>
        </test-method> <!-- beforeClass -->
        <test-method is-config="true" signature="beforeMethod()[pri:0, instance:com.qa.tests.LoginTests@552518c3]" started-at="2024-09-19T18:56:28 CST" name="beforeMethod" finished-at="2024-09-19T18:56:30 CST" duration-ms="2419" status="PASS">
          <reporter-output>
          </reporter-output>
        </test-method> <!-- beforeMethod -->
        <test-method is-config="true" signature="beforeMethod(java.lang.reflect.Method)[pri:0, instance:com.qa.tests.LoginTests@552518c3]" started-at="2024-09-19T18:56:30 CST" name="beforeMethod" finished-at="2024-09-19T18:56:30 CST" duration-ms="41" status="PASS">
          <params>
            <param index="0">
              <value>
                <![CDATA[public void com.qa.tests.LoginTests.invalidUserName() throws java.lang.InterruptedException]]>
              </value>
            </param>
          </params>
          <reporter-output>
          </reporter-output>
        </test-method> <!-- beforeMethod -->
        <test-method signature="invalidUserName()[pri:0, instance:com.qa.tests.LoginTests@552518c3]" started-at="2024-09-19T18:56:30 CST" name="invalidUserName" finished-at="2024-09-19T18:56:39 CST" duration-ms="8887" status="FAIL">
          <exception class="org.openqa.selenium.NoSuchElementException">
            <message>
              <![CDATA[An element could not be located on the page using the given search parameters.
For documentation on this error, please visit: https://www.selenium.dev/documentation/webdriver/troubleshooting/errors#no-such-element-exception
Build info: version: '4.24.0', revision: '748ffc9bc3'
System info: os.name: 'Windows 10', os.arch: 'amd64', os.version: '10.0', java.version: '21.0.3'
Driver info: io.appium.java_client.android.AndroidDriver
Command: [01cdc7f3-14c8-4ba7-8130-9f043586e474, findElement {using=accessibility id, value=test-Usernam}]
Capabilities {appium:appActivity: com.swaglabsmobileapp.Splas..., appium:appPackage: com.swaglabsmobileapp, appium:automationName: UiAutomator2, appium:databaseEnabled: false, appium:desired: {appActivity: com.swaglabsmobileapp.Splas..., appPackage: com.swaglabsmobileapp, automationName: UiAutomator2, platformName: ANDROID}, appium:deviceApiLevel: 35, appium:deviceManufacturer: Google, appium:deviceModel: sdk_gphone64_x86_64, appium:deviceName: emulator-5554, appium:deviceScreenDensity: 420, appium:deviceScreenSize: 1080x2400, appium:deviceUDID: emulator-5554, appium:javascriptEnabled: true, appium:locationContextEnabled: false, appium:networkConnectionEnabled: true, appium:pixelRatio: 2.625, appium:platformVersion: 15, appium:statBarHeight: 151, appium:takesScreenshot: true, appium:viewportRect: {height: 2249, left: 0, top: 151, width: 1080}, appium:warnings: {}, appium:webStorageEnabled: false, platformName: ANDROID}
Session ID: 01cdc7f3-14c8-4ba7-8130-9f043586e474]]>
            </message>
            <full-stacktrace>
              <![CDATA[org.openqa.selenium.NoSuchElementException: An element could not be located on the page using the given search parameters.
For documentation on this error, please visit: https://www.selenium.dev/documentation/webdriver/troubleshooting/errors#no-such-element-exception
Build info: version: '4.24.0', revision: '748ffc9bc3'
System info: os.name: 'Windows 10', os.arch: 'amd64', os.version: '10.0', java.version: '21.0.3'
Driver info: io.appium.java_client.android.AndroidDriver
Command: [01cdc7f3-14c8-4ba7-8130-9f043586e474, findElement {using=accessibility id, value=test-Usernam}]
Capabilities {appium:appActivity: com.swaglabsmobileapp.Splas..., appium:appPackage: com.swaglabsmobileapp, appium:automationName: UiAutomator2, appium:databaseEnabled: false, appium:desired: {appActivity: com.swaglabsmobileapp.Splas..., appPackage: com.swaglabsmobileapp, automationName: UiAutomator2, platformName: ANDROID}, appium:deviceApiLevel: 35, appium:deviceManufacturer: Google, appium:deviceModel: sdk_gphone64_x86_64, appium:deviceName: emulator-5554, appium:deviceScreenDensity: 420, appium:deviceScreenSize: 1080x2400, appium:deviceUDID: emulator-5554, appium:javascriptEnabled: true, appium:locationContextEnabled: false, appium:networkConnectionEnabled: true, appium:pixelRatio: 2.625, appium:platformVersion: 15, appium:statBarHeight: 151, appium:takesScreenshot: true, appium:viewportRect: {height: 2249, left: 0, top: 151, width: 1080}, appium:warnings: {}, appium:webStorageEnabled: false, platformName: ANDROID}
Session ID: 01cdc7f3-14c8-4ba7-8130-9f043586e474
at java.base/jdk.internal.reflect.DirectConstructorHandleAccessor.newInstance(DirectConstructorHandleAccessor.java:62)
at java.base/java.lang.reflect.Constructor.newInstanceWithCaller(Constructor.java:502)
at java.base/java.lang.reflect.Constructor.newInstance(Constructor.java:486)
at org.openqa.selenium.remote.ErrorCodec.decode(ErrorCodec.java:167)
at org.openqa.selenium.remote.codec.w3c.W3CHttpResponseCodec.decode(W3CHttpResponseCodec.java:138)
at org.openqa.selenium.remote.codec.w3c.W3CHttpResponseCodec.decode(W3CHttpResponseCodec.java:50)
at org.openqa.selenium.remote.HttpCommandExecutor.execute(HttpCommandExecutor.java:190)
at io.appium.java_client.remote.AppiumCommandExecutor.execute(AppiumCommandExecutor.java:237)
at org.openqa.selenium.remote.RemoteWebDriver.execute(RemoteWebDriver.java:545)
at org.openqa.selenium.remote.ElementLocation$ElementFinder$2.findElement(ElementLocation.java:165)
at org.openqa.selenium.remote.ElementLocation.findElement(ElementLocation.java:66)
at org.openqa.selenium.remote.RemoteWebDriver.findElement(RemoteWebDriver.java:368)
at org.openqa.selenium.remote.RemoteWebDriver.findElement(RemoteWebDriver.java:362)
at com.qa.pages.LoginPage.enterUserName(LoginPage.java:28)
at com.qa.tests.LoginTests.invalidUserName(LoginTests.java:92)
at java.base/jdk.internal.reflect.DirectMethodHandleAccessor.invoke(DirectMethodHandleAccessor.java:103)
at java.base/java.lang.reflect.Method.invoke(Method.java:580)
at org.testng.internal.invokers.MethodInvocationHelper.invokeMethod(MethodInvocationHelper.java:139)
at org.testng.internal.invokers.TestInvoker.invokeMethod(TestInvoker.java:664)
at org.testng.internal.invokers.TestInvoker.invokeTestMethod(TestInvoker.java:228)
at org.testng.internal.invokers.MethodRunner.runInSequence(MethodRunner.java:63)
at org.testng.internal.invokers.TestInvoker$MethodInvocationAgent.invoke(TestInvoker.java:961)
at org.testng.internal.invokers.TestInvoker.invokeTestMethods(TestInvoker.java:201)
at org.testng.internal.invokers.TestMethodWorker.invokeTestMethods(TestMethodWorker.java:148)
at org.testng.internal.invokers.TestMethodWorker.run(TestMethodWorker.java:128)
at java.base/java.util.ArrayList.forEach(ArrayList.java:1596)
at org.testng.TestRunner.privateRun(TestRunner.java:819)
at org.testng.TestRunner.run(TestRunner.java:619)
at org.testng.SuiteRunner.runTest(SuiteRunner.java:443)
at org.testng.SuiteRunner$SuiteWorker.run(SuiteRunner.java:481)
at org.testng.internal.thread.ThreadUtil.lambda$execute$0(ThreadUtil.java:58)
at java.base/java.util.concurrent.FutureTask.run(FutureTask.java:317)
at java.base/java.util.concurrent.ThreadPoolExecutor.runWorker(ThreadPoolExecutor.java:1144)
at java.base/java.util.concurrent.ThreadPoolExecutor$Worker.run(ThreadPoolExecutor.java:642)
at java.base/java.lang.Thread.run(Thread.java:1583)
]]>
            </full-stacktrace>
          </exception> <!-- org.openqa.selenium.NoSuchElementException -->
          <reporter-output>
            <line>
              <![CDATA[This is a sample screenchot]]>
            </line>
            <line>
              <![CDATA[<a href='C:\Users\corozcomartinez\Appium_Projects\TDDFramework\Screenshots\Android_Pixel_8a\2024-09-19-18-55-48\LoginTests\invalidUserName.png'> <img src='C:\Users\corozcomartinez\Appium_Projects\TDDFramework\Screenshots\Android_Pixel_8a\2024-09-19-18-55-48\LoginTests\invalidUserName.png' height='100' width='100'/> </a>]]>
            </line>
          </reporter-output>
        </test-method> <!-- invalidUserName -->
        <test-method is-config="true" signature="afterMethod()[pri:0, instance:com.qa.tests.LoginTests@552518c3]" started-at="2024-09-19T18:56:40 CST" name="afterMethod" finished-at="2024-09-19T18:56:40 CST" duration-ms="1" status="PASS">
          <reporter-output>
          </reporter-output>
        </test-method> <!-- afterMethod -->
        <test-method is-config="true" signature="afterMethod(org.testng.ITestResult)[pri:0, instance:com.qa.tests.LoginTests@552518c3]" started-at="2024-09-19T18:56:40 CST" name="afterMethod" finished-at="2024-09-19T18:56:43 CST" duration-ms="2665" status="PASS">
          <params>
            <param index="0">
              <value>
                <![CDATA[[TestResult name=invalidUserName status=FAILURE method=LoginTests.invalidUserName()[pri:0, instance:com.qa.tests.LoginTests@552518c3] output=This is a sample screenchot]]]>
              </value>
            </param>
          </params>
          <reporter-output>
          </reporter-output>
        </test-method> <!-- afterMethod -->
        <test-method is-config="true" signature="afterClass()[pri:0, instance:com.qa.tests.LoginTests@552518c3]" started-at="2024-09-19T18:56:43 CST" name="afterClass" finished-at="2024-09-19T18:56:43 CST" duration-ms="1" status="PASS">
          <reporter-output>
          </reporter-output>
        </test-method> <!-- afterClass -->
        <test-method is-config="true" signature="afterTest()[pri:0, instance:com.qa.tests.LoginTests@552518c3]" started-at="2024-09-19T18:56:43 CST" name="afterTest" finished-at="2024-09-19T18:56:45 CST" duration-ms="2133" status="PASS">
          <reporter-output>
          </reporter-output>
        </test-method> <!-- afterTest -->
        <test-method is-config="true" signature="afterSuite()[pri:0, instance:com.qa.tests.LoginTests@552518c3]" started-at="2024-09-19T18:56:46 CST" name="afterSuite" finished-at="2024-09-19T18:56:46 CST" duration-ms="6" status="PASS">
          <reporter-output>
          </reporter-output>
        </test-method> <!-- afterSuite -->
      </class> <!-- com.qa.tests.LoginTests -->
    </test> <!-- androidpixel8a -->
  </suite> <!-- Suite -->
</testng-results>
